#logback.classic pattern: %d %-5level %logger : %msg%n
2022-07-07 22:57:44,235 INFO  org.hibernate.validator.internal.util.Version : HV000001: Hibernate Validator 6.2.3.Final
2022-07-07 22:57:44,296 INFO  org.springframework.boot.devtools.env.DevToolsPropertyDefaultsPostProcessor : Devtools property defaults active! Set 'spring.devtools.add-properties' to 'false' to disable
2022-07-07 22:57:44,297 INFO  org.springframework.boot.devtools.env.DevToolsPropertyDefaultsPostProcessor : For additional web related logging consider setting the 'logging.level.web' property to 'DEBUG'
2022-07-07 22:57:45,410 INFO  org.springframework.data.repository.config.RepositoryConfigurationDelegate : Bootstrapping Spring Data JPA repositories in DEFAULT mode.
2022-07-07 22:57:45,481 INFO  org.springframework.data.repository.config.RepositoryConfigurationDelegate : Finished Spring Data repository scanning in 61 ms. Found 1 JPA repository interfaces.
2022-07-07 22:57:46,480 INFO  org.springframework.boot.web.embedded.tomcat.TomcatWebServer : Tomcat initialized with port(s): 8080 (http)
2022-07-07 22:57:46,494 INFO  org.apache.coyote.http11.Http11NioProtocol : Initializing ProtocolHandler ["http-nio-8080"]
2022-07-07 22:57:46,495 INFO  org.apache.catalina.core.StandardService : Starting service [Tomcat]
2022-07-07 22:57:46,495 INFO  org.apache.catalina.core.StandardEngine : Starting Servlet engine: [Apache Tomcat/9.0.64]
2022-07-07 22:57:46,620 INFO  org.apache.catalina.core.ContainerBase.[Tomcat].[localhost].[/] : Initializing Spring embedded WebApplicationContext
2022-07-07 22:57:46,621 INFO  org.springframework.boot.web.servlet.context.ServletWebServerApplicationContext : Root WebApplicationContext: initialization completed in 2321 ms
2022-07-07 22:57:46,763 WARN  org.springframework.boot.autoconfigure.orm.jpa.JpaBaseConfiguration$JpaWebConfiguration : spring.jpa.open-in-view is enabled by default. Therefore, database queries may be performed during view rendering. Explicitly configure spring.jpa.open-in-view to disable this warning
2022-07-07 22:57:46,894 INFO  org.hibernate.jpa.internal.util.LogHelper : HHH000204: Processing PersistenceUnitInfo [name: default]
2022-07-07 22:57:46,952 INFO  org.hibernate.Version : HHH000412: Hibernate ORM core version 5.6.9.Final
2022-07-07 22:57:47,138 INFO  org.hibernate.annotations.common.Version : HCANN000001: Hibernate Commons Annotations {5.1.2.Final}
2022-07-07 22:57:47,247 INFO  com.zaxxer.hikari.HikariDataSource : HikariPool-1 - Starting...
2022-07-07 22:57:47,619 INFO  com.zaxxer.hikari.HikariDataSource : HikariPool-1 - Start completed.
2022-07-07 22:57:47,633 INFO  org.hibernate.dialect.Dialect : HHH000400: Using dialect: org.hibernate.dialect.MySQL5InnoDBDialect
2022-07-07 22:57:48,354 INFO  org.hibernate.engine.transaction.jta.platform.internal.JtaPlatformInitiator : HHH000490: Using JtaPlatform implementation: [org.hibernate.engine.transaction.jta.platform.internal.NoJtaPlatform]
2022-07-07 22:57:48,362 INFO  org.springframework.orm.jpa.LocalContainerEntityManagerFactoryBean : Initialized JPA EntityManagerFactory for persistence unit 'default'
2022-07-07 22:57:49,531 INFO  org.springframework.security.web.DefaultSecurityFilterChain : Will secure any request with [org.springframework.security.web.session.DisableEncodeUrlFilter@3b9a6bf4, org.springframework.security.web.context.request.async.WebAsyncManagerIntegrationFilter@531cbae4, org.springframework.security.web.context.SecurityContextPersistenceFilter@34ba48eb, org.springframework.security.web.header.HeaderWriterFilter@e4db256, org.springframework.web.filter.CorsFilter@79b157a8, org.springframework.security.web.authentication.logout.LogoutFilter@3e77c7ef, org.springframework.security.oauth2.client.web.OAuth2AuthorizationRequestRedirectFilter@46c9fd34, org.springframework.security.oauth2.client.web.OAuth2LoginAuthenticationFilter@b5d0f34, com.test.socialLogin.security.TokenAuthenticationFilter@7ca30769, org.springframework.security.web.savedrequest.RequestCacheAwareFilter@3a7ec8c9, org.springframework.security.web.servletapi.SecurityContextHolderAwareRequestFilter@9048669, org.springframework.security.web.authentication.AnonymousAuthenticationFilter@cfa1165, org.springframework.security.web.session.SessionManagementFilter@4a920a18, org.springframework.security.web.access.ExceptionTranslationFilter@ca034cf, org.springframework.security.web.access.intercept.FilterSecurityInterceptor@6b4a8e93]
2022-07-07 22:57:49,634 INFO  org.springframework.boot.devtools.autoconfigure.OptionalLiveReloadServer : LiveReload server is running on port 35729
2022-07-07 22:57:49,943 INFO  org.apache.coyote.http11.Http11NioProtocol : Starting ProtocolHandler ["http-nio-8080"]
2022-07-07 22:57:49,975 INFO  org.springframework.boot.web.embedded.tomcat.TomcatWebServer : Tomcat started on port(s): 8080 (http) with context path ''
2022-07-07 22:57:57,850 INFO  org.apache.catalina.core.ContainerBase.[Tomcat].[localhost].[/] : Initializing Spring DispatcherServlet 'dispatcherServlet'
2022-07-07 22:57:57,851 INFO  org.springframework.web.servlet.DispatcherServlet : Initializing Servlet 'dispatcherServlet'
2022-07-07 22:57:57,854 INFO  org.springframework.web.servlet.DispatcherServlet : Completed initialization in 3 ms
2022-07-07 22:57:57,888 WARN  org.springframework.web.servlet.PageNotFound : No mapping for GET /
2022-07-07 22:58:05,961 WARN  org.springframework.web.servlet.PageNotFound : No mapping for GET /oauth2/authorization/google
2022-07-07 22:58:07,929 WARN  org.springframework.web.servlet.PageNotFound : No mapping for GET /oauth2/authorization/google
2022-07-07 22:58:19,850 WARN  org.springframework.web.servlet.PageNotFound : No mapping for GET /oauth2/authorization/
