#logback.classic pattern: %d %-5level %logger : %msg%n
2022-07-07 22:57:00,671 INFO  org.springframework.data.repository.config.RepositoryConfigurationDelegate : Bootstrapping Spring Data JPA repositories in DEFAULT mode.
2022-07-07 22:57:00,689 INFO  org.springframework.data.repository.config.RepositoryConfigurationDelegate : Finished Spring Data repository scanning in 17 ms. Found 1 JPA repository interfaces.
2022-07-07 22:57:00,871 INFO  org.springframework.boot.web.embedded.tomcat.TomcatWebServer : Tomcat initialized with port(s): 8080 (http)
2022-07-07 22:57:00,872 INFO  org.apache.coyote.http11.Http11NioProtocol : Initializing ProtocolHandler ["http-nio-8080"]
2022-07-07 22:57:00,874 INFO  org.apache.catalina.core.StandardService : Starting service [Tomcat]
2022-07-07 22:57:00,875 INFO  org.apache.catalina.core.StandardEngine : Starting Servlet engine: [Apache Tomcat/9.0.64]
2022-07-07 22:57:00,902 INFO  org.apache.catalina.core.ContainerBase.[Tomcat].[localhost].[/] : Initializing Spring embedded WebApplicationContext
2022-07-07 22:57:00,902 INFO  org.springframework.boot.web.servlet.context.ServletWebServerApplicationContext : Root WebApplicationContext: initialization completed in 614 ms
2022-07-07 22:57:00,954 WARN  org.springframework.boot.autoconfigure.orm.jpa.JpaBaseConfiguration$JpaWebConfiguration : spring.jpa.open-in-view is enabled by default. Therefore, database queries may be performed during view rendering. Explicitly configure spring.jpa.open-in-view to disable this warning
2022-07-07 22:57:00,994 INFO  org.hibernate.jpa.internal.util.LogHelper : HHH000204: Processing PersistenceUnitInfo [name: default]
2022-07-07 22:57:00,999 INFO  com.zaxxer.hikari.HikariDataSource : HikariPool-2 - Starting...
2022-07-07 22:57:01,026 INFO  com.zaxxer.hikari.HikariDataSource : HikariPool-2 - Start completed.
2022-07-07 22:57:01,027 INFO  org.hibernate.dialect.Dialect : HHH000400: Using dialect: org.hibernate.dialect.MySQL5InnoDBDialect
2022-07-07 22:57:01,089 INFO  org.hibernate.engine.transaction.jta.platform.internal.JtaPlatformInitiator : HHH000490: Using JtaPlatform implementation: [org.hibernate.engine.transaction.jta.platform.internal.NoJtaPlatform]
2022-07-07 22:57:01,089 INFO  org.springframework.orm.jpa.LocalContainerEntityManagerFactoryBean : Initialized JPA EntityManagerFactory for persistence unit 'default'
2022-07-07 22:57:01,458 INFO  org.springframework.security.web.DefaultSecurityFilterChain : Will secure any request with [org.springframework.security.web.session.DisableEncodeUrlFilter@79f919e4, org.springframework.security.web.context.request.async.WebAsyncManagerIntegrationFilter@5f6b8cd0, org.springframework.security.web.context.SecurityContextPersistenceFilter@1f65c19b, org.springframework.security.web.header.HeaderWriterFilter@1875ed00, org.springframework.web.filter.CorsFilter@6ca1ddc4, org.springframework.security.web.authentication.logout.LogoutFilter@3fd91cff, org.springframework.security.oauth2.client.web.OAuth2AuthorizationRequestRedirectFilter@2ce3e34a, org.springframework.security.oauth2.client.web.OAuth2LoginAuthenticationFilter@2cde59fa, com.test.socialLogin.security.TokenAuthenticationFilter@213671d6, org.springframework.security.web.savedrequest.RequestCacheAwareFilter@5b93722f, org.springframework.security.web.servletapi.SecurityContextHolderAwareRequestFilter@6cb999b0, org.springframework.security.web.authentication.AnonymousAuthenticationFilter@32ee5823, org.springframework.security.web.session.SessionManagementFilter@5d07fbb9, org.springframework.security.web.access.ExceptionTranslationFilter@66a452da, org.springframework.security.web.access.intercept.FilterSecurityInterceptor@a059635]
2022-07-07 22:57:01,481 INFO  org.springframework.boot.devtools.autoconfigure.OptionalLiveReloadServer : LiveReload server is running on port 35729
2022-07-07 22:57:01,597 INFO  org.apache.coyote.http11.Http11NioProtocol : Starting ProtocolHandler ["http-nio-8080"]
2022-07-07 22:57:01,600 INFO  org.springframework.boot.web.embedded.tomcat.TomcatWebServer : Tomcat started on port(s): 8080 (http) with context path ''
2022-07-07 22:57:01,655 INFO  org.springframework.boot.devtools.autoconfigure.ConditionEvaluationDeltaLoggingListener : Condition evaluation unchanged
