#logback.classic pattern: %d %-5level %logger : %msg%n
#logback.classic pattern: %d %-5level %logger : %msg%n
2022-07-07 22:55:54,952 INFO  org.hibernate.validator.internal.util.Version : HV000001: Hibernate Validator 6.2.3.Final
2022-07-07 22:55:55,011 INFO  org.springframework.boot.devtools.env.DevToolsPropertyDefaultsPostProcessor : Devtools property defaults active! Set 'spring.devtools.add-properties' to 'false' to disable
2022-07-07 22:55:55,012 INFO  org.springframework.boot.devtools.env.DevToolsPropertyDefaultsPostProcessor : For additional web related logging consider setting the 'logging.level.web' property to 'DEBUG'
2022-07-07 22:55:56,164 INFO  org.springframework.data.repository.config.RepositoryConfigurationDelegate : Bootstrapping Spring Data JPA repositories in DEFAULT mode.
2022-07-07 22:55:56,252 INFO  org.springframework.data.repository.config.RepositoryConfigurationDelegate : Finished Spring Data repository scanning in 78 ms. Found 1 JPA repository interfaces.
2022-07-07 22:55:57,282 INFO  org.springframework.boot.web.embedded.tomcat.TomcatWebServer : Tomcat initialized with port(s): 8080 (http)
2022-07-07 22:55:57,292 INFO  org.apache.coyote.http11.Http11NioProtocol : Initializing ProtocolHandler ["http-nio-8080"]
2022-07-07 22:55:57,292 INFO  org.apache.catalina.core.StandardService : Starting service [Tomcat]
2022-07-07 22:55:57,293 INFO  org.apache.catalina.core.StandardEngine : Starting Servlet engine: [Apache Tomcat/9.0.64]
2022-07-07 22:55:57,404 INFO  org.apache.catalina.core.ContainerBase.[Tomcat].[localhost].[/] : Initializing Spring embedded WebApplicationContext
2022-07-07 22:55:57,404 INFO  org.springframework.boot.web.servlet.context.ServletWebServerApplicationContext : Root WebApplicationContext: initialization completed in 2391 ms
2022-07-07 22:55:57,531 WARN  org.springframework.boot.autoconfigure.orm.jpa.JpaBaseConfiguration$JpaWebConfiguration : spring.jpa.open-in-view is enabled by default. Therefore, database queries may be performed during view rendering. Explicitly configure spring.jpa.open-in-view to disable this warning
2022-07-07 22:55:57,646 INFO  org.hibernate.jpa.internal.util.LogHelper : HHH000204: Processing PersistenceUnitInfo [name: default]
2022-07-07 22:55:57,696 INFO  org.hibernate.Version : HHH000412: Hibernate ORM core version 5.6.9.Final
2022-07-07 22:55:57,863 INFO  org.hibernate.annotations.common.Version : HCANN000001: Hibernate Commons Annotations {5.1.2.Final}
2022-07-07 22:55:57,973 INFO  com.zaxxer.hikari.HikariDataSource : HikariPool-1 - Starting...
2022-07-07 22:55:58,369 INFO  com.zaxxer.hikari.HikariDataSource : HikariPool-1 - Start completed.
2022-07-07 22:55:58,384 INFO  org.hibernate.dialect.Dialect : HHH000400: Using dialect: org.hibernate.dialect.MySQL5InnoDBDialect
2022-07-07 22:55:59,093 INFO  org.hibernate.engine.transaction.jta.platform.internal.JtaPlatformInitiator : HHH000490: Using JtaPlatform implementation: [org.hibernate.engine.transaction.jta.platform.internal.NoJtaPlatform]
2022-07-07 22:55:59,102 INFO  org.springframework.orm.jpa.LocalContainerEntityManagerFactoryBean : Initialized JPA EntityManagerFactory for persistence unit 'default'
2022-07-07 22:56:00,375 INFO  org.springframework.security.web.DefaultSecurityFilterChain : Will secure any request with [org.springframework.security.web.session.DisableEncodeUrlFilter@63234c58, org.springframework.security.web.context.request.async.WebAsyncManagerIntegrationFilter@6b229b8d, org.springframework.security.web.context.SecurityContextPersistenceFilter@70466fb1, org.springframework.security.web.header.HeaderWriterFilter@2c27b2b9, org.springframework.web.filter.CorsFilter@3184a060, org.springframework.security.web.authentication.logout.LogoutFilter@35e9ed96, org.springframework.security.oauth2.client.web.OAuth2AuthorizationRequestRedirectFilter@6ca951e, org.springframework.security.oauth2.client.web.OAuth2LoginAuthenticationFilter@251b8d21, com.test.socialLogin.security.TokenAuthenticationFilter@1a740e76, org.springframework.security.web.savedrequest.RequestCacheAwareFilter@f7053ad, org.springframework.security.web.servletapi.SecurityContextHolderAwareRequestFilter@285013df, org.springframework.security.web.authentication.AnonymousAuthenticationFilter@4d9eb04a, org.springframework.security.web.session.SessionManagementFilter@4dfd50f8, org.springframework.security.web.access.ExceptionTranslationFilter@1c81fdf5, org.springframework.security.web.access.intercept.FilterSecurityInterceptor@283ec7b8]
2022-07-07 22:56:00,475 INFO  org.springframework.boot.devtools.autoconfigure.OptionalLiveReloadServer : LiveReload server is running on port 35729
2022-07-07 22:56:00,791 INFO  org.apache.coyote.http11.Http11NioProtocol : Starting ProtocolHandler ["http-nio-8080"]
2022-07-07 22:56:00,826 INFO  org.springframework.boot.web.embedded.tomcat.TomcatWebServer : Tomcat started on port(s): 8080 (http) with context path ''
2022-07-07 22:57:00,172 INFO  org.springframework.orm.jpa.LocalContainerEntityManagerFactoryBean : Closing JPA EntityManagerFactory for persistence unit 'default'
2022-07-07 22:57:00,175 INFO  com.zaxxer.hikari.HikariDataSource : HikariPool-1 - Shutdown initiated...
2022-07-07 22:57:00,185 INFO  com.zaxxer.hikari.HikariDataSource : HikariPool-1 - Shutdown completed.
