#logback.classic pattern: %d %-5level %logger : %msg%n
2022-07-06 11:59:26,280 INFO  org.springframework.data.repository.config.RepositoryConfigurationDelegate : Bootstrapping Spring Data JPA repositories in DEFAULT mode.
2022-07-06 11:59:26,301 INFO  org.springframework.data.repository.config.RepositoryConfigurationDelegate : Finished Spring Data repository scanning in 20 ms. Found 2 JPA repository interfaces.
2022-07-06 11:59:26,412 INFO  org.springframework.boot.web.embedded.tomcat.TomcatWebServer : Tomcat initialized with port(s): 8080 (http)
2022-07-06 11:59:26,413 INFO  org.apache.coyote.http11.Http11NioProtocol : Initializing ProtocolHandler ["http-nio-8080"]
2022-07-06 11:59:26,413 INFO  org.apache.catalina.core.StandardService : Starting service [Tomcat]
2022-07-06 11:59:26,413 INFO  org.apache.catalina.core.StandardEngine : Starting Servlet engine: [Apache Tomcat/9.0.64]
2022-07-06 11:59:26,434 INFO  org.apache.catalina.core.ContainerBase.[Tomcat].[localhost].[/] : Initializing Spring embedded WebApplicationContext
2022-07-06 11:59:26,434 INFO  org.springframework.boot.web.servlet.context.ServletWebServerApplicationContext : Root WebApplicationContext: initialization completed in 352 ms
2022-07-06 11:59:26,464 WARN  org.springframework.boot.autoconfigure.orm.jpa.JpaBaseConfiguration$JpaWebConfiguration : spring.jpa.open-in-view is enabled by default. Therefore, database queries may be performed during view rendering. Explicitly configure spring.jpa.open-in-view to disable this warning
2022-07-06 11:59:26,493 INFO  org.hibernate.jpa.internal.util.LogHelper : HHH000204: Processing PersistenceUnitInfo [name: default]
2022-07-06 11:59:26,497 INFO  com.zaxxer.hikari.HikariDataSource : HikariPool-4 - Starting...
2022-07-06 11:59:26,517 INFO  com.zaxxer.hikari.HikariDataSource : HikariPool-4 - Start completed.
2022-07-06 11:59:26,518 INFO  org.hibernate.dialect.Dialect : HHH000400: Using dialect: org.hibernate.dialect.MySQL5InnoDBDialect
2022-07-06 11:59:26,633 INFO  org.hibernate.engine.transaction.jta.platform.internal.JtaPlatformInitiator : HHH000490: Using JtaPlatform implementation: [org.hibernate.engine.transaction.jta.platform.internal.NoJtaPlatform]
2022-07-06 11:59:26,633 INFO  org.springframework.orm.jpa.LocalContainerEntityManagerFactoryBean : Initialized JPA EntityManagerFactory for persistence unit 'default'
2022-07-06 11:59:26,860 INFO  org.springframework.security.web.DefaultSecurityFilterChain : Will secure any request with [org.springframework.security.web.session.DisableEncodeUrlFilter@159dae76, org.springframework.security.web.context.request.async.WebAsyncManagerIntegrationFilter@95e1354, org.springframework.security.web.context.SecurityContextPersistenceFilter@40966d48, org.springframework.security.web.header.HeaderWriterFilter@23762b0d, org.springframework.web.filter.CorsFilter@3e4c8ebe, org.springframework.security.web.authentication.logout.LogoutFilter@2eb8287c, com.test.socialLogin.security.JwtAuthenticationFilter@1ff93160, org.springframework.security.web.savedrequest.RequestCacheAwareFilter@2d696353, org.springframework.security.web.servletapi.SecurityContextHolderAwareRequestFilter@6ec25765, org.springframework.security.web.authentication.AnonymousAuthenticationFilter@9619ee5, org.springframework.security.web.session.SessionManagementFilter@3b310efc, org.springframework.security.web.access.ExceptionTranslationFilter@32220746, org.springframework.security.web.access.intercept.FilterSecurityInterceptor@436658f]
2022-07-06 11:59:26,921 INFO  org.springframework.boot.devtools.autoconfigure.OptionalLiveReloadServer : LiveReload server is running on port 35729
2022-07-06 11:59:26,926 INFO  org.apache.coyote.http11.Http11NioProtocol : Starting ProtocolHandler ["http-nio-8080"]
2022-07-06 11:59:26,928 INFO  org.springframework.boot.web.embedded.tomcat.TomcatWebServer : Tomcat started on port(s): 8080 (http) with context path ''
2022-07-06 11:59:26,932 INFO  org.springframework.boot.devtools.autoconfigure.ConditionEvaluationDeltaLoggingListener : Condition evaluation unchanged
2022-07-06 12:00:43,354 INFO  org.springframework.orm.jpa.LocalContainerEntityManagerFactoryBean : Closing JPA EntityManagerFactory for persistence unit 'default'
2022-07-06 12:00:43,354 INFO  com.zaxxer.hikari.HikariDataSource : HikariPool-4 - Shutdown initiated...
2022-07-06 12:00:43,358 INFO  com.zaxxer.hikari.HikariDataSource : HikariPool-4 - Shutdown completed.
