#logback.classic pattern: %d %-5level %logger : %msg%n
2022-07-06 12:31:53,371 INFO  org.hibernate.validator.internal.util.Version : HV000001: Hibernate Validator 6.2.3.Final
2022-07-06 12:31:53,433 INFO  org.springframework.boot.devtools.env.DevToolsPropertyDefaultsPostProcessor : Devtools property defaults active! Set 'spring.devtools.add-properties' to 'false' to disable
2022-07-06 12:31:53,433 INFO  org.springframework.boot.devtools.env.DevToolsPropertyDefaultsPostProcessor : For additional web related logging consider setting the 'logging.level.web' property to 'DEBUG'
2022-07-06 12:31:54,354 INFO  org.springframework.data.repository.config.RepositoryConfigurationDelegate : Bootstrapping Spring Data JPA repositories in DEFAULT mode.
2022-07-06 12:31:54,436 INFO  org.springframework.data.repository.config.RepositoryConfigurationDelegate : Finished Spring Data repository scanning in 70 ms. Found 2 JPA repository interfaces.
2022-07-06 12:31:55,347 INFO  org.springframework.boot.web.embedded.tomcat.TomcatWebServer : Tomcat initialized with port(s): 8080 (http)
2022-07-06 12:31:55,357 INFO  org.apache.coyote.http11.Http11NioProtocol : Initializing ProtocolHandler ["http-nio-8080"]
2022-07-06 12:31:55,357 INFO  org.apache.catalina.core.StandardService : Starting service [Tomcat]
2022-07-06 12:31:55,357 INFO  org.apache.catalina.core.StandardEngine : Starting Servlet engine: [Apache Tomcat/9.0.64]
2022-07-06 12:31:55,469 INFO  org.apache.catalina.core.ContainerBase.[Tomcat].[localhost].[/] : Initializing Spring embedded WebApplicationContext
2022-07-06 12:31:55,469 INFO  org.springframework.boot.web.servlet.context.ServletWebServerApplicationContext : Root WebApplicationContext: initialization completed in 2033 ms
2022-07-06 12:31:55,566 WARN  org.springframework.boot.autoconfigure.orm.jpa.JpaBaseConfiguration$JpaWebConfiguration : spring.jpa.open-in-view is enabled by default. Therefore, database queries may be performed during view rendering. Explicitly configure spring.jpa.open-in-view to disable this warning
2022-07-06 12:31:55,685 INFO  org.hibernate.jpa.internal.util.LogHelper : HHH000204: Processing PersistenceUnitInfo [name: default]
2022-07-06 12:31:55,741 INFO  org.hibernate.Version : HHH000412: Hibernate ORM core version 5.6.9.Final
2022-07-06 12:31:55,924 INFO  org.hibernate.annotations.common.Version : HCANN000001: Hibernate Commons Annotations {5.1.2.Final}
2022-07-06 12:31:56,044 INFO  com.zaxxer.hikari.HikariDataSource : HikariPool-1 - Starting...
2022-07-06 12:31:56,477 INFO  com.zaxxer.hikari.HikariDataSource : HikariPool-1 - Start completed.
2022-07-06 12:31:56,494 INFO  org.hibernate.dialect.Dialect : HHH000400: Using dialect: org.hibernate.dialect.MySQL5InnoDBDialect
2022-07-06 12:31:57,388 INFO  org.hibernate.engine.transaction.jta.platform.internal.JtaPlatformInitiator : HHH000490: Using JtaPlatform implementation: [org.hibernate.engine.transaction.jta.platform.internal.NoJtaPlatform]
2022-07-06 12:31:57,397 INFO  org.springframework.orm.jpa.LocalContainerEntityManagerFactoryBean : Initialized JPA EntityManagerFactory for persistence unit 'default'
2022-07-06 12:31:58,464 INFO  org.springframework.security.web.DefaultSecurityFilterChain : Will secure any request with [org.springframework.security.web.session.DisableEncodeUrlFilter@7ca44018, org.springframework.security.web.context.request.async.WebAsyncManagerIntegrationFilter@d684fa, org.springframework.security.web.context.SecurityContextPersistenceFilter@307e34ca, org.springframework.security.web.header.HeaderWriterFilter@454e654d, org.springframework.web.filter.CorsFilter@25af2fe4, org.springframework.security.web.authentication.logout.LogoutFilter@141d3d35, com.test.socialLogin.security.JwtAuthenticationFilter@2b2a6e8f, org.springframework.security.web.savedrequest.RequestCacheAwareFilter@625b3695, org.springframework.security.web.servletapi.SecurityContextHolderAwareRequestFilter@2528c2c4, org.springframework.security.web.authentication.AnonymousAuthenticationFilter@6d04ea1e, org.springframework.security.web.session.SessionManagementFilter@57d5ee10, org.springframework.security.web.access.ExceptionTranslationFilter@20789418, org.springframework.security.web.access.intercept.FilterSecurityInterceptor@290b3d0f]
2022-07-06 12:31:58,719 INFO  org.springframework.boot.devtools.autoconfigure.OptionalLiveReloadServer : LiveReload server is running on port 35729
2022-07-06 12:31:58,739 INFO  org.apache.coyote.http11.Http11NioProtocol : Starting ProtocolHandler ["http-nio-8080"]
2022-07-06 12:31:58,768 INFO  org.springframework.boot.web.embedded.tomcat.TomcatWebServer : Tomcat started on port(s): 8080 (http) with context path ''
2022-07-06 12:32:53,020 INFO  org.apache.catalina.core.ContainerBase.[Tomcat].[localhost].[/] : Initializing Spring DispatcherServlet 'dispatcherServlet'
2022-07-06 12:32:53,021 INFO  org.springframework.web.servlet.DispatcherServlet : Initializing Servlet 'dispatcherServlet'
2022-07-06 12:32:53,022 INFO  org.springframework.web.servlet.DispatcherServlet : Completed initialization in 1 ms
