#logback.classic pattern: %d %-5level %logger : %msg%n
2022-07-06 12:01:49,014 INFO  org.springframework.data.repository.config.RepositoryConfigurationDelegate : Bootstrapping Spring Data JPA repositories in DEFAULT mode.
2022-07-06 12:01:49,034 INFO  org.springframework.data.repository.config.RepositoryConfigurationDelegate : Finished Spring Data repository scanning in 19 ms. Found 2 JPA repository interfaces.
2022-07-06 12:01:49,132 INFO  org.springframework.boot.web.embedded.tomcat.TomcatWebServer : Tomcat initialized with port(s): 8080 (http)
2022-07-06 12:01:49,133 INFO  org.apache.coyote.http11.Http11NioProtocol : Initializing ProtocolHandler ["http-nio-8080"]
2022-07-06 12:01:49,135 INFO  org.apache.catalina.core.StandardService : Starting service [Tomcat]
2022-07-06 12:01:49,135 INFO  org.apache.catalina.core.StandardEngine : Starting Servlet engine: [Apache Tomcat/9.0.64]
2022-07-06 12:01:49,153 INFO  org.apache.catalina.core.ContainerBase.[Tomcat].[localhost].[/] : Initializing Spring embedded WebApplicationContext
2022-07-06 12:01:49,154 INFO  org.springframework.boot.web.servlet.context.ServletWebServerApplicationContext : Root WebApplicationContext: initialization completed in 298 ms
2022-07-06 12:01:49,177 WARN  org.springframework.boot.autoconfigure.orm.jpa.JpaBaseConfiguration$JpaWebConfiguration : spring.jpa.open-in-view is enabled by default. Therefore, database queries may be performed during view rendering. Explicitly configure spring.jpa.open-in-view to disable this warning
2022-07-06 12:01:49,197 INFO  org.hibernate.jpa.internal.util.LogHelper : HHH000204: Processing PersistenceUnitInfo [name: default]
2022-07-06 12:01:49,201 INFO  com.zaxxer.hikari.HikariDataSource : HikariPool-7 - Starting...
2022-07-06 12:01:49,215 INFO  com.zaxxer.hikari.HikariDataSource : HikariPool-7 - Start completed.
2022-07-06 12:01:49,216 INFO  org.hibernate.dialect.Dialect : HHH000400: Using dialect: org.hibernate.dialect.MySQL5InnoDBDialect
2022-07-06 12:01:49,296 INFO  org.hibernate.engine.transaction.jta.platform.internal.JtaPlatformInitiator : HHH000490: Using JtaPlatform implementation: [org.hibernate.engine.transaction.jta.platform.internal.NoJtaPlatform]
2022-07-06 12:01:49,296 INFO  org.springframework.orm.jpa.LocalContainerEntityManagerFactoryBean : Initialized JPA EntityManagerFactory for persistence unit 'default'
2022-07-06 12:01:49,488 INFO  org.springframework.security.web.DefaultSecurityFilterChain : Will secure any request with [org.springframework.security.web.session.DisableEncodeUrlFilter@c7a5dd8, org.springframework.security.web.context.request.async.WebAsyncManagerIntegrationFilter@10443fd0, org.springframework.security.web.context.SecurityContextPersistenceFilter@5e5d318d, org.springframework.security.web.header.HeaderWriterFilter@11951cf7, org.springframework.web.filter.CorsFilter@491ebeca, org.springframework.security.web.authentication.logout.LogoutFilter@7fb0ed98, com.test.socialLogin.security.JwtAuthenticationFilter@1d605d00, org.springframework.security.web.savedrequest.RequestCacheAwareFilter@6013d7f9, org.springframework.security.web.servletapi.SecurityContextHolderAwareRequestFilter@59580da8, org.springframework.security.web.authentication.AnonymousAuthenticationFilter@396b4807, org.springframework.security.web.session.SessionManagementFilter@26b6e520, org.springframework.security.web.access.ExceptionTranslationFilter@521d9db2, org.springframework.security.web.access.intercept.FilterSecurityInterceptor@7e51da94]
2022-07-06 12:01:49,541 INFO  org.springframework.boot.devtools.autoconfigure.OptionalLiveReloadServer : LiveReload server is running on port 35729
2022-07-06 12:01:49,546 INFO  org.apache.coyote.http11.Http11NioProtocol : Starting ProtocolHandler ["http-nio-8080"]
2022-07-06 12:01:49,553 INFO  org.springframework.boot.web.embedded.tomcat.TomcatWebServer : Tomcat started on port(s): 8080 (http) with context path ''
2022-07-06 12:01:49,557 INFO  org.springframework.boot.devtools.autoconfigure.ConditionEvaluationDeltaLoggingListener : Condition evaluation unchanged
2022-07-06 12:03:52,004 INFO  org.springframework.orm.jpa.LocalContainerEntityManagerFactoryBean : Closing JPA EntityManagerFactory for persistence unit 'default'
2022-07-06 12:03:52,005 INFO  com.zaxxer.hikari.HikariDataSource : HikariPool-7 - Shutdown initiated...
2022-07-06 12:03:52,007 INFO  com.zaxxer.hikari.HikariDataSource : HikariPool-7 - Shutdown completed.
