#logback.classic pattern: %d %-5level %logger : %msg%n
2022-07-06 12:01:11,639 INFO  org.springframework.data.repository.config.RepositoryConfigurationDelegate : Bootstrapping Spring Data JPA repositories in DEFAULT mode.
2022-07-06 12:01:11,656 INFO  org.springframework.data.repository.config.RepositoryConfigurationDelegate : Finished Spring Data repository scanning in 16 ms. Found 2 JPA repository interfaces.
2022-07-06 12:01:11,771 INFO  org.springframework.boot.web.embedded.tomcat.TomcatWebServer : Tomcat initialized with port(s): 8080 (http)
2022-07-06 12:01:11,772 INFO  org.apache.coyote.http11.Http11NioProtocol : Initializing ProtocolHandler ["http-nio-8080"]
2022-07-06 12:01:11,774 INFO  org.apache.catalina.core.StandardService : Starting service [Tomcat]
2022-07-06 12:01:11,775 INFO  org.apache.catalina.core.StandardEngine : Starting Servlet engine: [Apache Tomcat/9.0.64]
2022-07-06 12:01:11,797 INFO  org.apache.catalina.core.ContainerBase.[Tomcat].[localhost].[/] : Initializing Spring embedded WebApplicationContext
2022-07-06 12:01:11,798 INFO  org.springframework.boot.web.servlet.context.ServletWebServerApplicationContext : Root WebApplicationContext: initialization completed in 333 ms
2022-07-06 12:01:11,836 WARN  org.springframework.boot.autoconfigure.orm.jpa.JpaBaseConfiguration$JpaWebConfiguration : spring.jpa.open-in-view is enabled by default. Therefore, database queries may be performed during view rendering. Explicitly configure spring.jpa.open-in-view to disable this warning
2022-07-06 12:01:11,862 INFO  org.hibernate.jpa.internal.util.LogHelper : HHH000204: Processing PersistenceUnitInfo [name: default]
2022-07-06 12:01:11,867 INFO  com.zaxxer.hikari.HikariDataSource : HikariPool-6 - Starting...
2022-07-06 12:01:11,891 INFO  com.zaxxer.hikari.HikariDataSource : HikariPool-6 - Start completed.
2022-07-06 12:01:11,891 INFO  org.hibernate.dialect.Dialect : HHH000400: Using dialect: org.hibernate.dialect.MySQL5InnoDBDialect
2022-07-06 12:01:12,028 INFO  org.hibernate.engine.transaction.jta.platform.internal.JtaPlatformInitiator : HHH000490: Using JtaPlatform implementation: [org.hibernate.engine.transaction.jta.platform.internal.NoJtaPlatform]
2022-07-06 12:01:12,029 INFO  org.springframework.orm.jpa.LocalContainerEntityManagerFactoryBean : Initialized JPA EntityManagerFactory for persistence unit 'default'
2022-07-06 12:01:12,265 INFO  org.springframework.security.web.DefaultSecurityFilterChain : Will secure any request with [org.springframework.security.web.session.DisableEncodeUrlFilter@9126751, org.springframework.security.web.context.request.async.WebAsyncManagerIntegrationFilter@6a7e49d0, org.springframework.security.web.context.SecurityContextPersistenceFilter@1cc87ac0, org.springframework.security.web.header.HeaderWriterFilter@adf68dd, org.springframework.web.filter.CorsFilter@128f2100, org.springframework.security.web.authentication.logout.LogoutFilter@490399f0, com.test.socialLogin.security.JwtAuthenticationFilter@44850979, org.springframework.security.web.savedrequest.RequestCacheAwareFilter@71cd961d, org.springframework.security.web.servletapi.SecurityContextHolderAwareRequestFilter@a58179, org.springframework.security.web.authentication.AnonymousAuthenticationFilter@2c22d8b0, org.springframework.security.web.session.SessionManagementFilter@428a8f60, org.springframework.security.web.access.ExceptionTranslationFilter@59969fc3, org.springframework.security.web.access.intercept.FilterSecurityInterceptor@2313a009]
2022-07-06 12:01:12,320 INFO  org.springframework.boot.devtools.autoconfigure.OptionalLiveReloadServer : LiveReload server is running on port 35729
2022-07-06 12:01:12,325 INFO  org.apache.coyote.http11.Http11NioProtocol : Starting ProtocolHandler ["http-nio-8080"]
2022-07-06 12:01:12,327 INFO  org.springframework.boot.web.embedded.tomcat.TomcatWebServer : Tomcat started on port(s): 8080 (http) with context path ''
2022-07-06 12:01:12,331 INFO  org.springframework.boot.devtools.autoconfigure.ConditionEvaluationDeltaLoggingListener : Condition evaluation unchanged
2022-07-06 12:01:48,775 INFO  org.springframework.orm.jpa.LocalContainerEntityManagerFactoryBean : Closing JPA EntityManagerFactory for persistence unit 'default'
2022-07-06 12:01:48,775 INFO  com.zaxxer.hikari.HikariDataSource : HikariPool-6 - Shutdown initiated...
2022-07-06 12:01:48,779 INFO  com.zaxxer.hikari.HikariDataSource : HikariPool-6 - Shutdown completed.
