#logback.classic pattern: %d %-5level %logger : %msg%n
2022-07-06 12:58:15,550 INFO  org.springframework.data.repository.config.RepositoryConfigurationDelegate : Bootstrapping Spring Data JPA repositories in DEFAULT mode.
2022-07-06 12:58:15,579 INFO  org.springframework.data.repository.config.RepositoryConfigurationDelegate : Finished Spring Data repository scanning in 27 ms. Found 2 JPA repository interfaces.
2022-07-06 12:58:15,748 INFO  org.springframework.boot.web.embedded.tomcat.TomcatWebServer : Tomcat initialized with port(s): 8080 (http)
2022-07-06 12:58:15,749 INFO  org.apache.coyote.http11.Http11NioProtocol : Initializing ProtocolHandler ["http-nio-8080"]
2022-07-06 12:58:15,751 INFO  org.apache.catalina.core.StandardService : Starting service [Tomcat]
2022-07-06 12:58:15,751 INFO  org.apache.catalina.core.StandardEngine : Starting Servlet engine: [Apache Tomcat/9.0.64]
2022-07-06 12:58:15,774 INFO  org.apache.catalina.core.ContainerBase.[Tomcat].[localhost].[/] : Initializing Spring embedded WebApplicationContext
2022-07-06 12:58:15,775 INFO  org.springframework.boot.web.servlet.context.ServletWebServerApplicationContext : Root WebApplicationContext: initialization completed in 519 ms
2022-07-06 12:58:15,806 WARN  org.springframework.boot.autoconfigure.orm.jpa.JpaBaseConfiguration$JpaWebConfiguration : spring.jpa.open-in-view is enabled by default. Therefore, database queries may be performed during view rendering. Explicitly configure spring.jpa.open-in-view to disable this warning
2022-07-06 12:58:15,836 INFO  org.hibernate.jpa.internal.util.LogHelper : HHH000204: Processing PersistenceUnitInfo [name: default]
2022-07-06 12:58:15,843 INFO  com.zaxxer.hikari.HikariDataSource : HikariPool-2 - Starting...
2022-07-06 12:58:15,870 INFO  com.zaxxer.hikari.HikariDataSource : HikariPool-2 - Start completed.
2022-07-06 12:58:15,870 INFO  org.hibernate.dialect.Dialect : HHH000400: Using dialect: org.hibernate.dialect.MySQL5InnoDBDialect
2022-07-06 12:58:16,001 INFO  org.hibernate.engine.transaction.jta.platform.internal.JtaPlatformInitiator : HHH000490: Using JtaPlatform implementation: [org.hibernate.engine.transaction.jta.platform.internal.NoJtaPlatform]
2022-07-06 12:58:16,001 INFO  org.springframework.orm.jpa.LocalContainerEntityManagerFactoryBean : Initialized JPA EntityManagerFactory for persistence unit 'default'
2022-07-06 12:58:16,347 INFO  org.springframework.security.web.DefaultSecurityFilterChain : Will secure any request with [org.springframework.security.web.session.DisableEncodeUrlFilter@34b74365, org.springframework.security.web.context.request.async.WebAsyncManagerIntegrationFilter@6652e606, org.springframework.security.web.context.SecurityContextPersistenceFilter@3b81e764, org.springframework.security.web.header.HeaderWriterFilter@6c294264, org.springframework.web.filter.CorsFilter@ced0a16, org.springframework.security.web.authentication.logout.LogoutFilter@33089f4c, com.test.socialLogin.security.JwtAuthenticationFilter@27c4ff24, org.springframework.security.web.savedrequest.RequestCacheAwareFilter@14a3d72d, org.springframework.security.web.servletapi.SecurityContextHolderAwareRequestFilter@32bf9dbf, org.springframework.security.web.authentication.AnonymousAuthenticationFilter@8a23f36, org.springframework.security.web.session.SessionManagementFilter@16247512, org.springframework.security.web.access.ExceptionTranslationFilter@6299a283, org.springframework.security.web.access.intercept.FilterSecurityInterceptor@2f356fc2]
2022-07-06 12:58:16,442 INFO  org.springframework.boot.devtools.autoconfigure.OptionalLiveReloadServer : LiveReload server is running on port 35729
2022-07-06 12:58:16,451 INFO  org.apache.coyote.http11.Http11NioProtocol : Starting ProtocolHandler ["http-nio-8080"]
2022-07-06 12:58:16,453 INFO  org.springframework.boot.web.embedded.tomcat.TomcatWebServer : Tomcat started on port(s): 8080 (http) with context path ''
2022-07-06 12:58:16,459 INFO  org.springframework.boot.devtools.autoconfigure.ConditionEvaluationDeltaLoggingListener : Condition evaluation unchanged
