#logback.classic pattern: %d %-5level %logger : %msg%n
2022-07-06 11:45:10,934 INFO  org.springframework.data.repository.config.RepositoryConfigurationDelegate : Bootstrapping Spring Data JPA repositories in DEFAULT mode.
2022-07-06 11:45:10,958 INFO  org.springframework.data.repository.config.RepositoryConfigurationDelegate : Finished Spring Data repository scanning in 23 ms. Found 2 JPA repository interfaces.
2022-07-06 11:45:11,101 INFO  org.springframework.boot.web.embedded.tomcat.TomcatWebServer : Tomcat initialized with port(s): 8080 (http)
2022-07-06 11:45:11,102 INFO  org.apache.coyote.http11.Http11NioProtocol : Initializing ProtocolHandler ["http-nio-8080"]
2022-07-06 11:45:11,103 INFO  org.apache.catalina.core.StandardService : Starting service [Tomcat]
2022-07-06 11:45:11,103 INFO  org.apache.catalina.core.StandardEngine : Starting Servlet engine: [Apache Tomcat/9.0.64]
2022-07-06 11:45:11,127 INFO  org.apache.catalina.core.ContainerBase.[Tomcat].[localhost].[/] : Initializing Spring embedded WebApplicationContext
2022-07-06 11:45:11,128 INFO  org.springframework.boot.web.servlet.context.ServletWebServerApplicationContext : Root WebApplicationContext: initialization completed in 430 ms
2022-07-06 11:45:11,164 WARN  org.springframework.boot.autoconfigure.orm.jpa.JpaBaseConfiguration$JpaWebConfiguration : spring.jpa.open-in-view is enabled by default. Therefore, database queries may be performed during view rendering. Explicitly configure spring.jpa.open-in-view to disable this warning
2022-07-06 11:45:11,197 INFO  org.hibernate.jpa.internal.util.LogHelper : HHH000204: Processing PersistenceUnitInfo [name: default]
2022-07-06 11:45:11,201 INFO  com.zaxxer.hikari.HikariDataSource : HikariPool-2 - Starting...
2022-07-06 11:45:11,223 INFO  com.zaxxer.hikari.HikariDataSource : HikariPool-2 - Start completed.
2022-07-06 11:45:11,224 INFO  org.hibernate.dialect.Dialect : HHH000400: Using dialect: org.hibernate.dialect.MySQL5InnoDBDialect
2022-07-06 11:45:11,332 INFO  org.hibernate.engine.transaction.jta.platform.internal.JtaPlatformInitiator : HHH000490: Using JtaPlatform implementation: [org.hibernate.engine.transaction.jta.platform.internal.NoJtaPlatform]
2022-07-06 11:45:11,332 INFO  org.springframework.orm.jpa.LocalContainerEntityManagerFactoryBean : Initialized JPA EntityManagerFactory for persistence unit 'default'
2022-07-06 11:45:11,617 INFO  org.springframework.security.web.DefaultSecurityFilterChain : Will secure any request with [org.springframework.security.web.session.DisableEncodeUrlFilter@58aec4e7, org.springframework.security.web.context.request.async.WebAsyncManagerIntegrationFilter@55f7802a, org.springframework.security.web.context.SecurityContextPersistenceFilter@f1b655d, org.springframework.security.web.header.HeaderWriterFilter@27de8680, org.springframework.web.filter.CorsFilter@2dd475c6, org.springframework.security.web.authentication.logout.LogoutFilter@53db1273, com.test.socialLogin.security.JwtAuthenticationFilter@70fe13e5, org.springframework.security.web.savedrequest.RequestCacheAwareFilter@7aff01f, org.springframework.security.web.servletapi.SecurityContextHolderAwareRequestFilter@54168cec, org.springframework.security.web.authentication.AnonymousAuthenticationFilter@1efef6f6, org.springframework.security.web.session.SessionManagementFilter@77249be9, org.springframework.security.web.access.ExceptionTranslationFilter@4f38f099, org.springframework.security.web.access.intercept.FilterSecurityInterceptor@1aa52785]
2022-07-06 11:45:11,691 INFO  org.springframework.boot.devtools.autoconfigure.OptionalLiveReloadServer : LiveReload server is running on port 35729
2022-07-06 11:45:11,700 INFO  org.apache.coyote.http11.Http11NioProtocol : Starting ProtocolHandler ["http-nio-8080"]
2022-07-06 11:45:11,702 INFO  org.springframework.boot.web.embedded.tomcat.TomcatWebServer : Tomcat started on port(s): 8080 (http) with context path ''
2022-07-06 11:45:11,707 INFO  org.springframework.boot.devtools.autoconfigure.ConditionEvaluationDeltaLoggingListener : Condition evaluation unchanged
2022-07-06 11:45:17,724 INFO  org.apache.catalina.core.ContainerBase.[Tomcat].[localhost].[/] : Initializing Spring DispatcherServlet 'dispatcherServlet'
2022-07-06 11:45:17,724 INFO  org.springframework.web.servlet.DispatcherServlet : Initializing Servlet 'dispatcherServlet'
2022-07-06 11:45:17,725 INFO  org.springframework.web.servlet.DispatcherServlet : Completed initialization in 0 ms
2022-07-06 11:45:17,744 WARN  org.springframework.web.servlet.mvc.support.DefaultHandlerExceptionResolver : Resolved [org.springframework.web.bind.MethodArgumentNotValidException: Validation failed for argument [0] in public org.springframework.http.ResponseEntity<com.test.socialLogin.model.response.ApiResponse> com.test.socialLogin.controller.AuthController.registerUser(com.test.socialLogin.model.request.SignUpRequest): [Field error in object 'signUpRequest' on field 'password': rejected value [hello]; codes [Size.signUpRequest.password,Size.password,Size.java.lang.String,Size]; arguments [org.springframework.context.support.DefaultMessageSourceResolvable: codes [signUpRequest.password,password]; arguments []; default message [password],20,6]; default message [min 6 char max 20 char]] ]
2022-07-06 11:45:44,064 WARN  org.springframework.web.servlet.mvc.annotation.ResponseStatusExceptionResolver : Resolved [com.test.socialLogin.exception.AppException: User Role not set.]
2022-07-06 11:50:43,932 INFO  org.springframework.orm.jpa.LocalContainerEntityManagerFactoryBean : Closing JPA EntityManagerFactory for persistence unit 'default'
2022-07-06 11:50:43,932 INFO  com.zaxxer.hikari.HikariDataSource : HikariPool-2 - Shutdown initiated...
2022-07-06 11:50:43,937 INFO  com.zaxxer.hikari.HikariDataSource : HikariPool-2 - Shutdown completed.
