#logback.classic pattern: %d %-5level %logger : %msg%n
2022-07-06 12:55:46,140 INFO  org.hibernate.validator.internal.util.Version : HV000001: Hibernate Validator 6.2.3.Final
2022-07-06 12:55:46,198 INFO  org.springframework.boot.devtools.env.DevToolsPropertyDefaultsPostProcessor : Devtools property defaults active! Set 'spring.devtools.add-properties' to 'false' to disable
2022-07-06 12:55:46,199 INFO  org.springframework.boot.devtools.env.DevToolsPropertyDefaultsPostProcessor : For additional web related logging consider setting the 'logging.level.web' property to 'DEBUG'
2022-07-06 12:55:47,101 INFO  org.springframework.data.repository.config.RepositoryConfigurationDelegate : Bootstrapping Spring Data JPA repositories in DEFAULT mode.
2022-07-06 12:55:47,172 INFO  org.springframework.data.repository.config.RepositoryConfigurationDelegate : Finished Spring Data repository scanning in 61 ms. Found 2 JPA repository interfaces.
2022-07-06 12:55:48,076 INFO  org.springframework.boot.web.embedded.tomcat.TomcatWebServer : Tomcat initialized with port(s): 8080 (http)
2022-07-06 12:55:48,086 INFO  org.apache.coyote.http11.Http11NioProtocol : Initializing ProtocolHandler ["http-nio-8080"]
2022-07-06 12:55:48,087 INFO  org.apache.catalina.core.StandardService : Starting service [Tomcat]
2022-07-06 12:55:48,087 INFO  org.apache.catalina.core.StandardEngine : Starting Servlet engine: [Apache Tomcat/9.0.64]
2022-07-06 12:55:48,181 INFO  org.apache.catalina.core.ContainerBase.[Tomcat].[localhost].[/] : Initializing Spring embedded WebApplicationContext
2022-07-06 12:55:48,181 INFO  org.springframework.boot.web.servlet.context.ServletWebServerApplicationContext : Root WebApplicationContext: initialization completed in 1979 ms
2022-07-06 12:55:48,286 WARN  org.springframework.boot.autoconfigure.orm.jpa.JpaBaseConfiguration$JpaWebConfiguration : spring.jpa.open-in-view is enabled by default. Therefore, database queries may be performed during view rendering. Explicitly configure spring.jpa.open-in-view to disable this warning
2022-07-06 12:55:48,402 INFO  org.hibernate.jpa.internal.util.LogHelper : HHH000204: Processing PersistenceUnitInfo [name: default]
2022-07-06 12:55:48,455 INFO  org.hibernate.Version : HHH000412: Hibernate ORM core version 5.6.9.Final
2022-07-06 12:55:48,631 INFO  org.hibernate.annotations.common.Version : HCANN000001: Hibernate Commons Annotations {5.1.2.Final}
2022-07-06 12:55:48,737 INFO  com.zaxxer.hikari.HikariDataSource : HikariPool-1 - Starting...
2022-07-06 12:55:49,124 INFO  com.zaxxer.hikari.HikariDataSource : HikariPool-1 - Start completed.
2022-07-06 12:55:49,142 INFO  org.hibernate.dialect.Dialect : HHH000400: Using dialect: org.hibernate.dialect.MySQL5InnoDBDialect
2022-07-06 12:55:50,001 INFO  org.hibernate.engine.transaction.jta.platform.internal.JtaPlatformInitiator : HHH000490: Using JtaPlatform implementation: [org.hibernate.engine.transaction.jta.platform.internal.NoJtaPlatform]
2022-07-06 12:55:50,009 INFO  org.springframework.orm.jpa.LocalContainerEntityManagerFactoryBean : Initialized JPA EntityManagerFactory for persistence unit 'default'
2022-07-06 12:55:51,061 INFO  org.springframework.security.web.DefaultSecurityFilterChain : Will secure any request with [org.springframework.security.web.session.DisableEncodeUrlFilter@21b6115f, org.springframework.security.web.context.request.async.WebAsyncManagerIntegrationFilter@26c0c0c1, org.springframework.security.web.context.SecurityContextPersistenceFilter@6f55366a, org.springframework.security.web.header.HeaderWriterFilter@56b1e0a, org.springframework.web.filter.CorsFilter@645fd953, org.springframework.security.web.authentication.logout.LogoutFilter@73e39aae, com.test.socialLogin.security.JwtAuthenticationFilter@1b37f33c, org.springframework.security.web.savedrequest.RequestCacheAwareFilter@945132c, org.springframework.security.web.servletapi.SecurityContextHolderAwareRequestFilter@6f983e5f, org.springframework.security.web.authentication.AnonymousAuthenticationFilter@2e06ebd7, org.springframework.security.web.session.SessionManagementFilter@54dccd0e, org.springframework.security.web.access.ExceptionTranslationFilter@479b30f1, org.springframework.security.web.access.intercept.FilterSecurityInterceptor@1ba1c2f9]
2022-07-06 12:55:51,324 INFO  org.springframework.boot.devtools.autoconfigure.OptionalLiveReloadServer : LiveReload server is running on port 35729
2022-07-06 12:55:51,346 INFO  org.apache.coyote.http11.Http11NioProtocol : Starting ProtocolHandler ["http-nio-8080"]
2022-07-06 12:55:51,374 INFO  org.springframework.boot.web.embedded.tomcat.TomcatWebServer : Tomcat started on port(s): 8080 (http) with context path ''
2022-07-06 12:56:45,062 INFO  org.apache.catalina.core.ContainerBase.[Tomcat].[localhost].[/] : Initializing Spring DispatcherServlet 'dispatcherServlet'
2022-07-06 12:56:45,062 INFO  org.springframework.web.servlet.DispatcherServlet : Initializing Servlet 'dispatcherServlet'
2022-07-06 12:56:45,063 INFO  org.springframework.web.servlet.DispatcherServlet : Completed initialization in 1 ms
2022-07-06 12:56:45,224 WARN  org.springframework.web.servlet.mvc.support.DefaultHandlerExceptionResolver : Resolved [org.springframework.web.bind.MethodArgumentNotValidException: Validation failed for argument [0] in public org.springframework.http.ResponseEntity<com.test.socialLogin.model.response.ApiResponse> com.test.socialLogin.controller.AuthController.registerUser(com.test.socialLogin.model.request.SignUpRequest) with 2 errors: [Field error in object 'signUpRequest' on field 'username': rejected value [null]; codes [NotBlank.signUpRequest.username,NotBlank.username,NotBlank.java.lang.String,NotBlank]; arguments [org.springframework.context.support.DefaultMessageSourceResolvable: codes [signUpRequest.username,username]; arguments []; default message [username]]; default message [must not be blank]] [Field error in object 'signUpRequest' on field 'email': rejected value [null]; codes [NotBlank.signUpRequest.email,NotBlank.email,NotBlank.java.lang.String,NotBlank]; arguments [org.springframework.context.support.DefaultMessageSourceResolvable: codes [signUpRequest.email,email]; arguments []; default message [email]]; default message [must not be blank]] ]
2022-07-06 12:58:15,143 INFO  org.springframework.orm.jpa.LocalContainerEntityManagerFactoryBean : Closing JPA EntityManagerFactory for persistence unit 'default'
2022-07-06 12:58:15,146 INFO  com.zaxxer.hikari.HikariDataSource : HikariPool-1 - Shutdown initiated...
2022-07-06 12:58:15,154 INFO  com.zaxxer.hikari.HikariDataSource : HikariPool-1 - Shutdown completed.
