#logback.classic pattern: %d %-5level %logger : %msg%n
2022-07-06 12:04:48,045 INFO  org.springframework.data.repository.config.RepositoryConfigurationDelegate : Bootstrapping Spring Data JPA repositories in DEFAULT mode.
2022-07-06 12:04:48,064 INFO  org.springframework.data.repository.config.RepositoryConfigurationDelegate : Finished Spring Data repository scanning in 17 ms. Found 2 JPA repository interfaces.
2022-07-06 12:04:48,155 INFO  org.springframework.boot.web.embedded.tomcat.TomcatWebServer : Tomcat initialized with port(s): 8080 (http)
2022-07-06 12:04:48,155 INFO  org.apache.coyote.http11.Http11NioProtocol : Initializing ProtocolHandler ["http-nio-8080"]
2022-07-06 12:04:48,156 INFO  org.apache.catalina.core.StandardService : Starting service [Tomcat]
2022-07-06 12:04:48,157 INFO  org.apache.catalina.core.StandardEngine : Starting Servlet engine: [Apache Tomcat/9.0.64]
2022-07-06 12:04:48,172 INFO  org.apache.catalina.core.ContainerBase.[Tomcat-1].[localhost].[/] : Initializing Spring embedded WebApplicationContext
2022-07-06 12:04:48,173 INFO  org.springframework.boot.web.servlet.context.ServletWebServerApplicationContext : Root WebApplicationContext: initialization completed in 264 ms
2022-07-06 12:04:48,196 WARN  org.springframework.boot.autoconfigure.orm.jpa.JpaBaseConfiguration$JpaWebConfiguration : spring.jpa.open-in-view is enabled by default. Therefore, database queries may be performed during view rendering. Explicitly configure spring.jpa.open-in-view to disable this warning
2022-07-06 12:04:48,216 INFO  org.hibernate.jpa.internal.util.LogHelper : HHH000204: Processing PersistenceUnitInfo [name: default]
2022-07-06 12:04:48,219 INFO  com.zaxxer.hikari.HikariDataSource : HikariPool-10 - Starting...
2022-07-06 12:04:48,234 INFO  com.zaxxer.hikari.HikariDataSource : HikariPool-10 - Start completed.
2022-07-06 12:04:48,235 INFO  org.hibernate.dialect.Dialect : HHH000400: Using dialect: org.hibernate.dialect.MySQL5InnoDBDialect
2022-07-06 12:04:48,309 INFO  org.hibernate.engine.transaction.jta.platform.internal.JtaPlatformInitiator : HHH000490: Using JtaPlatform implementation: [org.hibernate.engine.transaction.jta.platform.internal.NoJtaPlatform]
2022-07-06 12:04:48,310 INFO  org.springframework.orm.jpa.LocalContainerEntityManagerFactoryBean : Initialized JPA EntityManagerFactory for persistence unit 'default'
2022-07-06 12:04:48,515 INFO  org.springframework.security.web.DefaultSecurityFilterChain : Will secure any request with [org.springframework.security.web.session.DisableEncodeUrlFilter@4176b402, org.springframework.security.web.context.request.async.WebAsyncManagerIntegrationFilter@1a6fc3b5, org.springframework.security.web.context.SecurityContextPersistenceFilter@739f61b8, org.springframework.security.web.header.HeaderWriterFilter@14acd6d5, org.springframework.web.filter.CorsFilter@ba9d96e, org.springframework.security.web.authentication.logout.LogoutFilter@35b7bd64, com.test.socialLogin.security.JwtAuthenticationFilter@113ef36c, org.springframework.security.web.savedrequest.RequestCacheAwareFilter@e36502e, org.springframework.security.web.servletapi.SecurityContextHolderAwareRequestFilter@7cde2543, org.springframework.security.web.authentication.AnonymousAuthenticationFilter@61ffda32, org.springframework.security.web.session.SessionManagementFilter@15fa8911, org.springframework.security.web.access.ExceptionTranslationFilter@3d881b8e, org.springframework.security.web.access.intercept.FilterSecurityInterceptor@2a880697]
2022-07-06 12:04:48,566 INFO  org.springframework.boot.devtools.autoconfigure.OptionalLiveReloadServer : LiveReload server is running on port 35729
2022-07-06 12:04:48,570 INFO  org.apache.coyote.http11.Http11NioProtocol : Starting ProtocolHandler ["http-nio-8080"]
2022-07-06 12:04:48,577 INFO  org.springframework.boot.web.embedded.tomcat.TomcatWebServer : Tomcat started on port(s): 8080 (http) with context path ''
2022-07-06 12:04:48,580 INFO  org.springframework.boot.devtools.autoconfigure.ConditionEvaluationDeltaLoggingListener : Condition evaluation unchanged
2022-07-06 12:05:48,102 INFO  org.apache.catalina.core.ContainerBase.[Tomcat-1].[localhost].[/] : Initializing Spring DispatcherServlet 'dispatcherServlet'
2022-07-06 12:05:48,102 INFO  org.springframework.web.servlet.DispatcherServlet : Initializing Servlet 'dispatcherServlet'
2022-07-06 12:05:48,103 INFO  org.springframework.web.servlet.DispatcherServlet : Completed initialization in 1 ms
