#logback.classic pattern: %d %-5level %logger : %msg%n
2022-07-06 11:31:05,298 INFO  org.hibernate.validator.internal.util.Version : HV000001: Hibernate Validator 6.2.3.Final
2022-07-06 11:31:05,361 INFO  org.springframework.boot.devtools.env.DevToolsPropertyDefaultsPostProcessor : Devtools property defaults active! Set 'spring.devtools.add-properties' to 'false' to disable
2022-07-06 11:31:05,361 INFO  org.springframework.boot.devtools.env.DevToolsPropertyDefaultsPostProcessor : For additional web related logging consider setting the 'logging.level.web' property to 'DEBUG'
2022-07-06 11:31:06,336 INFO  org.springframework.data.repository.config.RepositoryConfigurationDelegate : Bootstrapping Spring Data JPA repositories in DEFAULT mode.
2022-07-06 11:31:06,422 INFO  org.springframework.data.repository.config.RepositoryConfigurationDelegate : Finished Spring Data repository scanning in 75 ms. Found 2 JPA repository interfaces.
2022-07-06 11:31:07,449 INFO  org.springframework.boot.web.embedded.tomcat.TomcatWebServer : Tomcat initialized with port(s): 8080 (http)
2022-07-06 11:31:07,462 INFO  org.apache.coyote.http11.Http11NioProtocol : Initializing ProtocolHandler ["http-nio-8080"]
2022-07-06 11:31:07,463 INFO  org.apache.catalina.core.StandardService : Starting service [Tomcat]
2022-07-06 11:31:07,463 INFO  org.apache.catalina.core.StandardEngine : Starting Servlet engine: [Apache Tomcat/9.0.64]
2022-07-06 11:31:07,583 INFO  org.apache.catalina.core.ContainerBase.[Tomcat].[localhost].[/] : Initializing Spring embedded WebApplicationContext
2022-07-06 11:31:07,583 INFO  org.springframework.boot.web.servlet.context.ServletWebServerApplicationContext : Root WebApplicationContext: initialization completed in 2221 ms
2022-07-06 11:31:07,698 WARN  org.springframework.boot.autoconfigure.orm.jpa.JpaBaseConfiguration$JpaWebConfiguration : spring.jpa.open-in-view is enabled by default. Therefore, database queries may be performed during view rendering. Explicitly configure spring.jpa.open-in-view to disable this warning
2022-07-06 11:31:07,853 INFO  org.hibernate.jpa.internal.util.LogHelper : HHH000204: Processing PersistenceUnitInfo [name: default]
2022-07-06 11:31:07,913 INFO  org.hibernate.Version : HHH000412: Hibernate ORM core version 5.6.9.Final
2022-07-06 11:31:08,147 INFO  org.hibernate.annotations.common.Version : HCANN000001: Hibernate Commons Annotations {5.1.2.Final}
2022-07-06 11:31:08,254 INFO  com.zaxxer.hikari.HikariDataSource : HikariPool-1 - Starting...
2022-07-06 11:31:08,670 INFO  com.zaxxer.hikari.HikariDataSource : HikariPool-1 - Start completed.
2022-07-06 11:31:08,687 INFO  org.hibernate.dialect.Dialect : HHH000400: Using dialect: org.hibernate.dialect.MySQL5InnoDBDialect
2022-07-06 11:31:09,534 INFO  org.hibernate.engine.transaction.jta.platform.internal.JtaPlatformInitiator : HHH000490: Using JtaPlatform implementation: [org.hibernate.engine.transaction.jta.platform.internal.NoJtaPlatform]
2022-07-06 11:31:09,541 INFO  org.springframework.orm.jpa.LocalContainerEntityManagerFactoryBean : Initialized JPA EntityManagerFactory for persistence unit 'default'
2022-07-06 11:31:10,556 INFO  org.springframework.security.web.DefaultSecurityFilterChain : Will secure any request with [org.springframework.security.web.session.DisableEncodeUrlFilter@3019fba6, org.springframework.security.web.context.request.async.WebAsyncManagerIntegrationFilter@6e7bee84, org.springframework.security.web.context.SecurityContextPersistenceFilter@1a3d0917, org.springframework.security.web.header.HeaderWriterFilter@65205d30, org.springframework.web.filter.CorsFilter@22784da9, org.springframework.security.web.authentication.logout.LogoutFilter@5d25e06b, com.test.socialLogin.security.JwtAuthenticationFilter@238fbc2, org.springframework.security.web.savedrequest.RequestCacheAwareFilter@1f3c321d, org.springframework.security.web.servletapi.SecurityContextHolderAwareRequestFilter@491ec697, org.springframework.security.web.authentication.AnonymousAuthenticationFilter@44a2bdaf, org.springframework.security.web.session.SessionManagementFilter@3096fff2, org.springframework.security.web.access.ExceptionTranslationFilter@a9807d7, org.springframework.security.web.access.intercept.FilterSecurityInterceptor@52d43389]
2022-07-06 11:31:10,817 INFO  org.springframework.boot.devtools.autoconfigure.OptionalLiveReloadServer : LiveReload server is running on port 35729
2022-07-06 11:31:10,840 INFO  org.apache.coyote.http11.Http11NioProtocol : Starting ProtocolHandler ["http-nio-8080"]
2022-07-06 11:31:10,872 INFO  org.springframework.boot.web.embedded.tomcat.TomcatWebServer : Tomcat started on port(s): 8080 (http) with context path ''
2022-07-06 11:42:51,267 INFO  org.apache.catalina.core.ContainerBase.[Tomcat].[localhost].[/] : Initializing Spring DispatcherServlet 'dispatcherServlet'
2022-07-06 11:42:51,267 INFO  org.springframework.web.servlet.DispatcherServlet : Initializing Servlet 'dispatcherServlet'
2022-07-06 11:42:51,269 INFO  org.springframework.web.servlet.DispatcherServlet : Completed initialization in 2 ms
2022-07-06 11:42:51,330 WARN  org.springframework.web.servlet.mvc.support.DefaultHandlerExceptionResolver : Resolved [org.springframework.web.HttpMediaTypeNotSupportedException: Content type 'text/plain;charset=UTF-8' not supported]
2022-07-06 11:43:18,838 WARN  org.springframework.web.servlet.mvc.support.DefaultHandlerExceptionResolver : Resolved [org.springframework.web.bind.MethodArgumentNotValidException: Validation failed for argument [0] in public org.springframework.http.ResponseEntity<com.test.socialLogin.model.response.ApiResponse> com.test.socialLogin.controller.AuthController.registerUser(com.test.socialLogin.model.request.SignUpRequest): [Field error in object 'signUpRequest' on field 'password': rejected value [hello]; codes [Size.signUpRequest.password,Size.password,Size.java.lang.String,Size]; arguments [org.springframework.context.support.DefaultMessageSourceResolvable: codes [signUpRequest.password,password]; arguments []; default message [password],20,6]; default message [size must be between 6 and 20]] ]
2022-07-06 11:45:10,597 INFO  org.springframework.orm.jpa.LocalContainerEntityManagerFactoryBean : Closing JPA EntityManagerFactory for persistence unit 'default'
2022-07-06 11:45:10,600 INFO  com.zaxxer.hikari.HikariDataSource : HikariPool-1 - Shutdown initiated...
2022-07-06 11:45:10,606 INFO  com.zaxxer.hikari.HikariDataSource : HikariPool-1 - Shutdown completed.
